Change Component Designator: Old Designator=C? New Designator=C?
Change Component Designator: Old Designator=C? New Designator=C?
Change Component Designator: Old Designator=C? New Designator=C?
Change Component Designator: Old Designator=C? New Designator=C?
Change Component Designator: Old Designator=Electret Microphone? New Designator=Electret Microphone?
Change Component Designator: Old Designator=Max? New Designator=Max?
Change Component Designator: Old Designator=R? New Designator=R?
Change Component Designator: Old Designator=R? New Designator=R?
Change Component Designator: Old Designator=R? New Designator=R?
Change Component Designator: Old Designator=R? New Designator=R?
Change Component Designator: Old Designator=R? New Designator=R?
Change Component Designator: Old Designator=R? New Designator=R?
Change Component Designator: Old Designator=R? New Designator=R?
Change Component Designator: Old Designator=R? New Designator=R?
Change Component Designator: Old Designator=R? New Designator=R?
Change Component Designator: Old Designator=R? New Designator=R?
Change Component Designator: Old Designator=R? New Designator=R?
Change Component Designator: Old Designator=U? New Designator=U?
Change Component Designator: Old Designator=U? New Designator=U?
Change Component Designator: Old Designator=U? New Designator=U?
